PHPUnit 11.5.46 by Sebastian Bergmann and contributors.

Runtime:       PHP 8.2.27
Configuration: C:\Users\ACER\Documents\Kasir Laksana\apps\api\phpunit.xml

EE                                                                  2 / 2 (100%)

Time: 00:00.089, Memory: 10.00 MB

There were 2 errors:

1) Tests\Services\OrderServiceTest::testCreateOrderSuccessfully
PHPUnit\Framework\MockObject\MethodCannotBeConfiguredException: Trying to configure method "find" which cannot be configured because it does not exist, has not been specified, is final, or is static

C:\Users\ACER\Documents\Kasir Laksana\apps\api\tests\Services\OrderServiceTest.php:62

2) Tests\Services\OrderServiceTest::testCreateOrderInsufficientStock
PHPUnit\Framework\MockObject\MethodCannotBeConfiguredException: Trying to configure method "find" which cannot be configured because it does not exist, has not been specified, is final, or is static

C:\Users\ACER\Documents\Kasir Laksana\apps\api\tests\Services\OrderServiceTest.php:111

ERRORS!
Tests: 2, Assertions: 0, Errors: 2.
